[debug] [2020-05-05T10:53:26.764Z] ----------------------------------------------------------------------
[debug] [2020-05-05T10:53:26.783Z] Command:       C:\Program Files\nodejs\node.exe C:\Users\JakeVosloo\AppData\Roaming\npm\node_modules\firebase-tools\lib\bin\firebase.js emulators:start --inspect-functions
[debug] [2020-05-05T10:53:26.784Z] CLI Version:   8.2.0
[debug] [2020-05-05T10:53:26.784Z] Platform:      win32
[debug] [2020-05-05T10:53:26.784Z] Node Version:  v10.16.2
[debug] [2020-05-05T10:53:26.785Z] Time:          Tue May 05 2020 20:53:26 GMT+1000 (Australian Eastern Standard Time)
[debug] [2020-05-05T10:53:26.785Z] ----------------------------------------------------------------------
[debug] [2020-05-05T10:53:26.785Z] 
[debug] [2020-05-05T10:53:26.817Z] > command requires scopes: ["email","openid","https://www.googleapis.com/auth/cloudplatformprojects.readonly","https://www.googleapis.com/auth/firebase","https://www.googleapis.com/auth/cloud-platform"]
[debug] [2020-05-05T10:53:26.817Z] > authorizing via signed-in user
[info] i  emulators: Starting emulators: functions, firestore
[debug] [2020-05-05T10:53:28.948Z] [hub] writing locator at C:\Users\JAKEVO~1\AppData\Local\Temp\hub-jpv-t7.json
[info] +  hub: emulator hub started at http://localhost:4400
[warn] !  functions: You are running the functions emulator in debug mode (port=9229). This means that functions will execute in sequence rather than in parallel.
[info] +  functions: Using node@10 from host.
[info] +  functions: functions emulator started at http://localhost:5001
[debug] [2020-05-05T10:53:33.532Z] Ignoring unsupported arg: projectId
[debug] [2020-05-05T10:53:33.532Z] Ignoring unsupported arg: auto_download
[debug] [2020-05-05T10:53:33.532Z] Starting firestore emulator with command {"binary":"java","args":["-Duser.language=en","-jar","C:\\Users\\JakeVosloo\\.cache\\firebase\\emulators\\cloud-firestore-emulator-v1.11.3.jar","--host","localhost","--port",8080,"--rules","D:\\OneDrive\\Zenme 2020\\20200427 ReactNative RxJS\\redux\\firestore.rules","--functions_emulator","localhost:5001"],"optionalArgs":["port","webchannel_port","host","rules","functions_emulator","seed_from_export"],"joinArgs":false}
[info] i  firestore: firestore emulator logging to firestore-debug.log
[debug] [2020-05-05T10:53:37.097Z] API endpoint: http://
[debug] [2020-05-05T10:53:37.098Z] localhost:8080
If you are using a library that supports the FIRESTORE_EMULATOR_HOST environment variable, run:

   export FIRESTORE_EMULATOR_HOST=localhost:8080

Dev App Server is now running.


[info] +  firestore: firestore emulator started at http://localhost:8080
[info] i  firestore: For testing set FIRESTORE_EMULATOR_HOST=localhost:8080
[info] i  functions: Watching "D:\OneDrive\Zenme 2020\20200427 ReactNative RxJS\redux\functions" for Cloud Functions...
[debug] [2020-05-05T10:53:37.340Z] [worker-pool] addWorker(~shared~) 
[debug] [2020-05-05T10:53:37.340Z] [worker-pool] Adding worker with key ~shared~, total=1 
[debug] [2020-05-05T10:53:37.340Z] [worker-pool] submitWork(triggerId=) 
[debug] [2020-05-05T10:53:37.341Z] [worker-~shared~-a667d93d-ec2f-430f-bd9e-9cf0a7b0e449]: Assigning socketPath: \\?\pipe\D:\OneDrive\Zenme 2020\20200427 ReactNative RxJS\redux\functions\4232 
[debug] [2020-05-05T10:53:37.341Z] [worker-~shared~-a667d93d-ec2f-430f-bd9e-9cf0a7b0e449]: BUSY 
[info] >  Debugger listening on ws://localhost:9229/3a2e6acb-2e39-4c98-981f-0a3c467098f8 {"user":"Debugger listening on ws://localhost:9229/3a2e6acb-2e39-4c98-981f-0a3c467098f8\r"}
[info] >  Debugger listening on ws://localhost:9229/3a2e6acb-2e39-4c98-981f-0a3c467098f8 {"user":"Debugger listening on ws://localhost:9229/3a2e6acb-2e39-4c98-981f-0a3c467098f8\r"}
[info] >  For help, see: https://nodejs.org/en/docs/inspector {"user":"For help, see: https://nodejs.org/en/docs/inspector\r"}
[debug] [2020-05-05T10:53:38.042Z] [runtime-status] [4232] Functions runtime initialized. {"cwd":"D:\\OneDrive\\Zenme 2020\\20200427 ReactNative RxJS\\redux\\functions","node_version":"10.16.2"} 
[debug] [2020-05-05T10:53:38.043Z] [runtime-status] [4232] Disabled runtime features: {"timeout":true} 
[debug] [2020-05-05T10:53:38.050Z] [runtime-status] [4232] Resolved module firebase-admin {"declared":true,"installed":true,"version":"8.11.0","resolution":"D:\\OneDrive\\Zenme 2020\\20200427 ReactNative RxJS\\redux\\functions\\node_modules\\firebase-admin\\lib\\index.js"} 
[debug] [2020-05-05T10:53:38.053Z] [runtime-status] [4232] Resolved module firebase-functions {"declared":true,"installed":true,"version":"3.6.1","resolution":"D:\\OneDrive\\Zenme 2020\\20200427 ReactNative RxJS\\redux\\functions\\node_modules\\firebase-functions\\lib\\index.js"} 
[debug] [2020-05-05T10:53:38.057Z] [runtime-status] [4232] Outgoing network have been stubbed. [{"name":"http","status":"mocked"},{"name":"http","status":"mocked"},{"name":"https","status":"mocked"},{"name":"https","status":"mocked"},{"name":"net","status":"mocked"}] 
[debug] [2020-05-05T10:53:38.134Z] [runtime-status] [4232] Checked functions.config() {"config":{}} 
[debug] [2020-05-05T10:53:38.135Z] [runtime-status] [4232] Resolved module firebase-functions {"declared":true,"installed":true,"version":"3.6.1","resolution":"D:\\OneDrive\\Zenme 2020\\20200427 ReactNative RxJS\\redux\\functions\\node_modules\\firebase-functions\\lib\\index.js"} 
[debug] [2020-05-05T10:53:38.137Z] [runtime-status] [4232] Resolved module firebase-admin {"declared":true,"installed":true,"version":"8.11.0","resolution":"D:\\OneDrive\\Zenme 2020\\20200427 ReactNative RxJS\\redux\\functions\\node_modules\\firebase-admin\\lib\\index.js"} 
[debug] [2020-05-05T10:53:38.137Z] [runtime-status] [4232] Resolved module firebase-functions {"declared":true,"installed":true,"version":"3.6.1","resolution":"D:\\OneDrive\\Zenme 2020\\20200427 ReactNative RxJS\\redux\\functions\\node_modules\\firebase-functions\\lib\\index.js"} 
[debug] [2020-05-05T10:53:38.138Z] [runtime-status] [4232] firebase-admin has been stubbed. {"adminResolution":{"declared":true,"installed":true,"version":"8.11.0","resolution":"D:\\OneDrive\\Zenme 2020\\20200427 ReactNative RxJS\\redux\\functions\\node_modules\\firebase-admin\\lib\\index.js"}} 
[debug] [2020-05-05T10:53:38.142Z] [runtime-status] [4232] initializeApp(DEFAULT) {"databaseURL":"https://jpv-t7.firebaseio.com","storageBucket":"jpv-t7.appspot.com","projectId":"jpv-t7"} 
[info] +  functions[api]: http function initialized (http://localhost:5001/jpv-t7/us-central1/api).
[info] +  emulators: All emulators started, it is now safe to connect.
[debug] [2020-05-05T10:53:38.944Z] [worker-~shared~-a667d93d-ec2f-430f-bd9e-9cf0a7b0e449]: IDLE 
[debug] [2020-05-05T11:33:28.284Z] [work-queue] {"queueLength":1,"workRunningCount":0}
[debug] [2020-05-05T11:33:28.285Z] [work-queue] {"queueLength":0,"workRunningCount":1}
[debug] [2020-05-05T11:33:28.286Z] Accepted request GET /jpv-t7/us-central1/api/user --> api
[debug] [2020-05-05T11:33:28.287Z] [worker-pool] submitWork(triggerId=api) 
[debug] [2020-05-05T11:33:28.287Z] [worker-~shared~-a667d93d-ec2f-430f-bd9e-9cf0a7b0e449]: Assigning socketPath: \\?\pipe\D:\OneDrive\Zenme 2020\20200427 ReactNative RxJS\redux\functions\4232 
[debug] [2020-05-05T11:33:28.287Z] [worker-~shared~-a667d93d-ec2f-430f-bd9e-9cf0a7b0e449]: BUSY 
[debug] [2020-05-05T11:33:28.328Z] [runtime-status] [4232] Trigger "api" has been found, beginning invocation! 
[info] i  functions: Beginning execution of "api"
[debug] [2020-05-05T11:33:28.331Z] [runtime-status] [4232] triggerDefinition {"httpsTrigger":{},"name":"api","entryPoint":"api"} 
[debug] [2020-05-05T11:33:28.332Z] [runtime-status] [4232] Running api in mode HTTPS 
[debug] [2020-05-05T11:33:28.341Z] [runtime-status] [4232] Attempting to listen to socketPath: \\?\pipe\D:\OneDrive\Zenme 2020\20200427 ReactNative RxJS\redux\functions\4232 
[debug] [2020-05-05T11:33:28.347Z] [functions] Runtime ready! Sending request! 
[debug] [2020-05-05T11:33:28.356Z] [runtime-status] [4232] Ephemeral server handling GET request 
[info] >  GET /jpv-t7/us-central1/api/user 200 56 - 3.784 ms {"user":"GET /jpv-t7/us-central1/api/user 200 56 - 3.784 ms"}
[debug] [2020-05-05T11:33:28.376Z] [runtime-status] [4232] Ephemeral server survived. 
[info] i  functions: Finished "api" in ~1s
[debug] [2020-05-05T11:33:28.378Z] [worker-~shared~-a667d93d-ec2f-430f-bd9e-9cf0a7b0e449]: IDLE 
[debug] [2020-05-05T11:33:28.378Z] [work-queue] {"queueLength":0,"workRunningCount":0}
[debug] [2020-05-05T11:33:36.640Z] [work-queue] {"queueLength":1,"workRunningCount":0}
[debug] [2020-05-05T11:33:36.640Z] [work-queue] {"queueLength":0,"workRunningCount":1}
[debug] [2020-05-05T11:33:36.640Z] Accepted request POST /jpv-t7/us-central1/api/todo --> api
[debug] [2020-05-05T11:33:36.640Z] [worker-pool] submitWork(triggerId=api) 
[debug] [2020-05-05T11:33:36.640Z] [worker-~shared~-a667d93d-ec2f-430f-bd9e-9cf0a7b0e449]: Assigning socketPath: \\?\pipe\D:\OneDrive\Zenme 2020\20200427 ReactNative RxJS\redux\functions\4232 
[debug] [2020-05-05T11:33:36.640Z] [worker-~shared~-a667d93d-ec2f-430f-bd9e-9cf0a7b0e449]: BUSY 
[debug] [2020-05-05T11:33:36.640Z] [runtime-status] [4232] Trigger "api" has been found, beginning invocation! 
[info] i  functions: Beginning execution of "api"
[debug] [2020-05-05T11:33:36.642Z] [runtime-status] [4232] triggerDefinition {"httpsTrigger":{},"name":"api","entryPoint":"api"} 
[debug] [2020-05-05T11:33:36.643Z] [runtime-status] [4232] Running api in mode HTTPS 
[debug] [2020-05-05T11:33:36.644Z] [runtime-status] [4232] Attempting to listen to socketPath: \\?\pipe\D:\OneDrive\Zenme 2020\20200427 ReactNative RxJS\redux\functions\4232 
[debug] [2020-05-05T11:33:36.646Z] [functions] Runtime ready! Sending request! 
[debug] [2020-05-05T11:33:36.685Z] [runtime-status] [4232] Ephemeral server handling POST request 
[debug] [2020-05-05T11:33:36.689Z] [runtime-status] [4232] Ephemeral server survived. 
[debug] [2020-05-05T11:33:37.011Z] May 05, 2020 9:33:36 PM io.gapi.emulators.netty.HttpVersionRoutingHandler channelRead
INFO: Detected HTTP/2 connection.

[info] >  POST /jpv-t7/us-central1/api/todo 200 63 - 2052.787 ms {"user":"POST /jpv-t7/us-central1/api/todo 200 63 - 2052.787 ms"}
[info] i  functions: Finished "api" in ~2s
[debug] [2020-05-05T11:33:38.778Z] [worker-~shared~-a667d93d-ec2f-430f-bd9e-9cf0a7b0e449]: IDLE 
[debug] [2020-05-05T11:33:38.778Z] [work-queue] {"queueLength":0,"workRunningCount":0}
[debug] [2020-05-05T11:33:43.876Z] [work-queue] {"queueLength":1,"workRunningCount":0}
[debug] [2020-05-05T11:33:43.876Z] [work-queue] {"queueLength":0,"workRunningCount":1}
[debug] [2020-05-05T11:33:43.876Z] Accepted request GET /jpv-t7/us-central1/api/todo --> api
[debug] [2020-05-05T11:33:43.876Z] [worker-pool] submitWork(triggerId=api) 
[debug] [2020-05-05T11:33:43.876Z] [worker-~shared~-a667d93d-ec2f-430f-bd9e-9cf0a7b0e449]: Assigning socketPath: \\?\pipe\D:\OneDrive\Zenme 2020\20200427 ReactNative RxJS\redux\functions\4232 
[debug] [2020-05-05T11:33:43.876Z] [worker-~shared~-a667d93d-ec2f-430f-bd9e-9cf0a7b0e449]: BUSY 
[debug] [2020-05-05T11:33:43.877Z] [runtime-status] [4232] Trigger "api" has been found, beginning invocation! 
[info] i  functions: Beginning execution of "api"
[debug] [2020-05-05T11:33:43.878Z] [runtime-status] [4232] triggerDefinition {"httpsTrigger":{},"name":"api","entryPoint":"api"} 
[debug] [2020-05-05T11:33:43.878Z] [runtime-status] [4232] Running api in mode HTTPS 
[debug] [2020-05-05T11:33:43.879Z] [runtime-status] [4232] Attempting to listen to socketPath: \\?\pipe\D:\OneDrive\Zenme 2020\20200427 ReactNative RxJS\redux\functions\4232 
[debug] [2020-05-05T11:33:43.880Z] [functions] Runtime ready! Sending request! 
[debug] [2020-05-05T11:33:43.883Z] [runtime-status] [4232] Ephemeral server handling GET request 
[debug] [2020-05-05T11:33:43.889Z] [runtime-status] [4232] Ephemeral server survived. 
[info] >  GET /jpv-t7/us-central1/api/todo 200 75 - 106.490 ms {"user":"GET /jpv-t7/us-central1/api/todo 200 75 - 106.490 ms"}
[info] i  functions: Finished "api" in ~1s
[debug] [2020-05-05T11:33:43.992Z] [worker-~shared~-a667d93d-ec2f-430f-bd9e-9cf0a7b0e449]: IDLE 
[debug] [2020-05-05T11:33:43.992Z] [work-queue] {"queueLength":0,"workRunningCount":0}
[debug] [2020-05-05T11:37:05.869Z] [work-queue] {"queueLength":1,"workRunningCount":0}
[debug] [2020-05-05T11:37:05.869Z] [work-queue] {"queueLength":0,"workRunningCount":1}
[debug] [2020-05-05T11:37:05.869Z] Accepted request GET /jpv-t7/us-central1/api/user --> api
[debug] [2020-05-05T11:37:05.869Z] [worker-pool] submitWork(triggerId=api) 
[debug] [2020-05-05T11:37:05.870Z] [worker-~shared~-a667d93d-ec2f-430f-bd9e-9cf0a7b0e449]: Assigning socketPath: \\?\pipe\D:\OneDrive\Zenme 2020\20200427 ReactNative RxJS\redux\functions\4232 
[debug] [2020-05-05T11:37:05.870Z] [worker-~shared~-a667d93d-ec2f-430f-bd9e-9cf0a7b0e449]: BUSY 
[debug] [2020-05-05T11:37:05.872Z] [runtime-status] [4232] Trigger "api" has been found, beginning invocation! 
[info] i  functions: Beginning execution of "api"
[debug] [2020-05-05T11:37:05.874Z] [runtime-status] [4232] triggerDefinition {"httpsTrigger":{},"name":"api","entryPoint":"api"} 
[debug] [2020-05-05T11:37:05.875Z] [runtime-status] [4232] Running api in mode HTTPS 
[debug] [2020-05-05T11:37:05.876Z] [runtime-status] [4232] Attempting to listen to socketPath: \\?\pipe\D:\OneDrive\Zenme 2020\20200427 ReactNative RxJS\redux\functions\4232 
[debug] [2020-05-05T11:37:05.878Z] [functions] Runtime ready! Sending request! 
[debug] [2020-05-05T11:37:05.888Z] [work-queue] {"queueLength":1,"workRunningCount":1}
[debug] [2020-05-05T11:37:05.890Z] [runtime-status] [4232] Ephemeral server handling GET request 
[info] >  GET /jpv-t7/us-central1/api/user 200 56 - 0.559 ms {"user":"GET /jpv-t7/us-central1/api/user 200 56 - 0.559 ms"}
[debug] [2020-05-05T11:37:05.895Z] [runtime-status] [4232] Ephemeral server survived. 
[info] i  functions: Finished "api" in ~1s
[debug] [2020-05-05T11:37:05.897Z] [worker-~shared~-a667d93d-ec2f-430f-bd9e-9cf0a7b0e449]: IDLE 
[debug] [2020-05-05T11:37:05.898Z] [work-queue] {"queueLength":1,"workRunningCount":0}
[debug] [2020-05-05T11:37:05.898Z] [work-queue] {"queueLength":0,"workRunningCount":1}
[debug] [2020-05-05T11:37:05.898Z] Accepted request GET /jpv-t7/us-central1/api/todo --> api
[debug] [2020-05-05T11:37:05.898Z] [worker-pool] submitWork(triggerId=api) 
[debug] [2020-05-05T11:37:05.899Z] [worker-~shared~-a667d93d-ec2f-430f-bd9e-9cf0a7b0e449]: Assigning socketPath: \\?\pipe\D:\OneDrive\Zenme 2020\20200427 ReactNative RxJS\redux\functions\4232 
[debug] [2020-05-05T11:37:05.899Z] [worker-~shared~-a667d93d-ec2f-430f-bd9e-9cf0a7b0e449]: BUSY 
[debug] [2020-05-05T11:37:05.905Z] [runtime-status] [4232] Trigger "api" has been found, beginning invocation! 
[info] i  functions: Beginning execution of "api"
[debug] [2020-05-05T11:37:05.908Z] [runtime-status] [4232] triggerDefinition {"httpsTrigger":{},"name":"api","entryPoint":"api"} 
[debug] [2020-05-05T11:37:05.908Z] [runtime-status] [4232] Running api in mode HTTPS 
[debug] [2020-05-05T11:37:05.909Z] [runtime-status] [4232] Attempting to listen to socketPath: \\?\pipe\D:\OneDrive\Zenme 2020\20200427 ReactNative RxJS\redux\functions\4232 
[debug] [2020-05-05T11:37:05.911Z] [functions] Runtime ready! Sending request! 
[debug] [2020-05-05T11:37:05.916Z] [runtime-status] [4232] Ephemeral server handling GET request 
[debug] [2020-05-05T11:37:05.917Z] [runtime-status] [4232] Ephemeral server survived. 
[info] >  GET /jpv-t7/us-central1/api/todo 200 75 - 73.330 ms {"user":"GET /jpv-t7/us-central1/api/todo 200 75 - 73.330 ms"}
[info] i  functions: Finished "api" in ~1s
[debug] [2020-05-05T11:37:06.004Z] [worker-~shared~-a667d93d-ec2f-430f-bd9e-9cf0a7b0e449]: IDLE 
[debug] [2020-05-05T11:37:06.004Z] [work-queue] {"queueLength":0,"workRunningCount":0}
[debug] [2020-05-05T11:38:05.855Z] [work-queue] {"queueLength":1,"workRunningCount":0}
[debug] [2020-05-05T11:38:05.856Z] [work-queue] {"queueLength":0,"workRunningCount":1}
[debug] [2020-05-05T11:38:05.856Z] Accepted request POST /jpv-t7/us-central1/api/todo --> api
[debug] [2020-05-05T11:38:05.856Z] [worker-pool] submitWork(triggerId=api) 
[debug] [2020-05-05T11:38:05.856Z] [worker-~shared~-a667d93d-ec2f-430f-bd9e-9cf0a7b0e449]: Assigning socketPath: \\?\pipe\D:\OneDrive\Zenme 2020\20200427 ReactNative RxJS\redux\functions\4232 
[debug] [2020-05-05T11:38:05.856Z] [worker-~shared~-a667d93d-ec2f-430f-bd9e-9cf0a7b0e449]: BUSY 
[debug] [2020-05-05T11:38:05.857Z] [runtime-status] [4232] Trigger "api" has been found, beginning invocation! 
[info] i  functions: Beginning execution of "api"
[debug] [2020-05-05T11:38:05.878Z] [runtime-status] [4232] triggerDefinition {"httpsTrigger":{},"name":"api","entryPoint":"api"} 
[debug] [2020-05-05T11:38:05.878Z] [runtime-status] [4232] Running api in mode HTTPS 
[debug] [2020-05-05T11:38:05.879Z] [runtime-status] [4232] Attempting to listen to socketPath: \\?\pipe\D:\OneDrive\Zenme 2020\20200427 ReactNative RxJS\redux\functions\4232 
[debug] [2020-05-05T11:38:05.880Z] [functions] Runtime ready! Sending request! 
[debug] [2020-05-05T11:38:05.887Z] [runtime-status] [4232] Ephemeral server handling POST request 
[debug] [2020-05-05T11:38:05.888Z] [runtime-status] [4232] Ephemeral server survived. 
[info] >  POST /jpv-t7/us-central1/api/todo 200 60 - 11.946 ms {"user":"POST /jpv-t7/us-central1/api/todo 200 60 - 11.946 ms"}
[info] i  functions: Finished "api" in ~1s
[debug] [2020-05-05T11:38:05.904Z] [worker-~shared~-a667d93d-ec2f-430f-bd9e-9cf0a7b0e449]: IDLE 
[debug] [2020-05-05T11:38:05.905Z] [work-queue] {"queueLength":0,"workRunningCount":0}
[debug] [2020-05-05T11:38:07.795Z] [work-queue] {"queueLength":1,"workRunningCount":0}
[debug] [2020-05-05T11:38:07.795Z] [work-queue] {"queueLength":0,"workRunningCount":1}
[debug] [2020-05-05T11:38:07.795Z] Accepted request POST /jpv-t7/us-central1/api/todo/Vq0k2O1Y9ysB9X9du9HC/complete --> api
[debug] [2020-05-05T11:38:07.795Z] [worker-pool] submitWork(triggerId=api) 
[debug] [2020-05-05T11:38:07.796Z] [worker-~shared~-a667d93d-ec2f-430f-bd9e-9cf0a7b0e449]: Assigning socketPath: \\?\pipe\D:\OneDrive\Zenme 2020\20200427 ReactNative RxJS\redux\functions\4232 
[debug] [2020-05-05T11:38:07.796Z] [worker-~shared~-a667d93d-ec2f-430f-bd9e-9cf0a7b0e449]: BUSY 
[debug] [2020-05-05T11:38:07.796Z] [runtime-status] [4232] Trigger "api" has been found, beginning invocation! 
[info] i  functions: Beginning execution of "api"
[debug] [2020-05-05T11:38:07.799Z] [runtime-status] [4232] triggerDefinition {"httpsTrigger":{},"name":"api","entryPoint":"api"} 
[debug] [2020-05-05T11:38:07.800Z] [runtime-status] [4232] Running api in mode HTTPS 
[debug] [2020-05-05T11:38:07.800Z] [runtime-status] [4232] Attempting to listen to socketPath: \\?\pipe\D:\OneDrive\Zenme 2020\20200427 ReactNative RxJS\redux\functions\4232 
[debug] [2020-05-05T11:38:07.801Z] [functions] Runtime ready! Sending request! 
[debug] [2020-05-05T11:38:07.804Z] [runtime-status] [4232] Ephemeral server handling POST request 
[debug] [2020-05-05T11:38:07.808Z] [runtime-status] [4232] Ephemeral server survived. 
[info] >  POST /jpv-t7/us-central1/api/todo/Vq0k2O1Y9ysB9X9du9HC/complete 200 59 - 60.945 ms {"user":"POST /jpv-t7/us-central1/api/todo/Vq0k2O1Y9ysB9X9du9HC/complete 200 59 - 60.945 ms"}
[info] i  functions: Finished "api" in ~1s
[debug] [2020-05-05T11:38:07.871Z] [worker-~shared~-a667d93d-ec2f-430f-bd9e-9cf0a7b0e449]: IDLE 
[debug] [2020-05-05T11:38:07.871Z] [work-queue] {"queueLength":0,"workRunningCount":0}
[debug] [2020-05-05T11:38:13.440Z] [work-queue] {"queueLength":1,"workRunningCount":0}
[debug] [2020-05-05T11:38:13.440Z] [work-queue] {"queueLength":0,"workRunningCount":1}
[debug] [2020-05-05T11:38:13.440Z] Accepted request POST /jpv-t7/us-central1/api/todo/g2bZFnj1iCPbJpEiELBa/complete --> api
[debug] [2020-05-05T11:38:13.440Z] [worker-pool] submitWork(triggerId=api) 
[debug] [2020-05-05T11:38:13.441Z] [worker-~shared~-a667d93d-ec2f-430f-bd9e-9cf0a7b0e449]: Assigning socketPath: \\?\pipe\D:\OneDrive\Zenme 2020\20200427 ReactNative RxJS\redux\functions\4232 
[debug] [2020-05-05T11:38:13.441Z] [worker-~shared~-a667d93d-ec2f-430f-bd9e-9cf0a7b0e449]: BUSY 
[debug] [2020-05-05T11:38:13.469Z] [runtime-status] [4232] Trigger "api" has been found, beginning invocation! 
[info] i  functions: Beginning execution of "api"
[debug] [2020-05-05T11:38:13.471Z] [runtime-status] [4232] triggerDefinition {"httpsTrigger":{},"name":"api","entryPoint":"api"} 
[debug] [2020-05-05T11:38:13.472Z] [runtime-status] [4232] Running api in mode HTTPS 
[debug] [2020-05-05T11:38:13.472Z] [runtime-status] [4232] Attempting to listen to socketPath: \\?\pipe\D:\OneDrive\Zenme 2020\20200427 ReactNative RxJS\redux\functions\4232 
[debug] [2020-05-05T11:38:13.472Z] [functions] Runtime ready! Sending request! 
[debug] [2020-05-05T11:38:13.478Z] [runtime-status] [4232] Ephemeral server handling POST request 
[debug] [2020-05-05T11:38:13.479Z] [runtime-status] [4232] Ephemeral server survived. 
[info] >  POST /jpv-t7/us-central1/api/todo/g2bZFnj1iCPbJpEiELBa/complete 200 62 - 17.364 ms {"user":"POST /jpv-t7/us-central1/api/todo/g2bZFnj1iCPbJpEiELBa/complete 200 62 - 17.364 ms"}
[info] i  functions: Finished "api" in ~1s
[debug] [2020-05-05T11:38:13.501Z] [worker-~shared~-a667d93d-ec2f-430f-bd9e-9cf0a7b0e449]: IDLE 
[debug] [2020-05-05T11:38:13.501Z] [work-queue] {"queueLength":0,"workRunningCount":0}
[debug] [2020-05-05T11:38:20.008Z] [work-queue] {"queueLength":1,"workRunningCount":0}
[debug] [2020-05-05T11:38:20.008Z] [work-queue] {"queueLength":0,"workRunningCount":1}
[debug] [2020-05-05T11:38:20.034Z] Accepted request POST /jpv-t7/us-central1/api/todo --> api
[debug] [2020-05-05T11:38:20.034Z] [worker-pool] submitWork(triggerId=api) 
[debug] [2020-05-05T11:38:20.037Z] [worker-~shared~-a667d93d-ec2f-430f-bd9e-9cf0a7b0e449]: Assigning socketPath: \\?\pipe\D:\OneDrive\Zenme 2020\20200427 ReactNative RxJS\redux\functions\4232 
[debug] [2020-05-05T11:38:20.037Z] [worker-~shared~-a667d93d-ec2f-430f-bd9e-9cf0a7b0e449]: BUSY 
[debug] [2020-05-05T11:38:20.038Z] [runtime-status] [4232] Trigger "api" has been found, beginning invocation! 
[info] i  functions: Beginning execution of "api"
[debug] [2020-05-05T11:38:20.041Z] [runtime-status] [4232] triggerDefinition {"httpsTrigger":{},"name":"api","entryPoint":"api"} 
[debug] [2020-05-05T11:38:20.041Z] [runtime-status] [4232] Running api in mode HTTPS 
[debug] [2020-05-05T11:38:20.042Z] [runtime-status] [4232] Attempting to listen to socketPath: \\?\pipe\D:\OneDrive\Zenme 2020\20200427 ReactNative RxJS\redux\functions\4232 
[debug] [2020-05-05T11:38:20.043Z] [functions] Runtime ready! Sending request! 
[debug] [2020-05-05T11:38:20.046Z] [runtime-status] [4232] Ephemeral server handling POST request 
[debug] [2020-05-05T11:38:20.047Z] [runtime-status] [4232] Ephemeral server survived. 
[info] >  POST /jpv-t7/us-central1/api/todo 200 60 - 9.769 ms {"user":"POST /jpv-t7/us-central1/api/todo 200 60 - 9.769 ms"}
[info] i  functions: Finished "api" in ~1s
[debug] [2020-05-05T11:38:20.059Z] [worker-~shared~-a667d93d-ec2f-430f-bd9e-9cf0a7b0e449]: IDLE 
[debug] [2020-05-05T11:38:20.059Z] [work-queue] {"queueLength":0,"workRunningCount":0}
